UserCenter/build/intermediates/manifest_merge_blame_file/debug/manifest-merger-blame-debug-report.txt
1<?xml version="1.0" encoding="utf-8"?>
2<manifest xmlns:android="http://schemas.android.com/apk/res/android"
3    package="com.kotlin.user"
4    android:versionCode="1"
5    android:versionName="1.0" >
6
7    <uses-sdk
8        android:minSdkVersion="15"
8-->main\release\AndroidManifest.xml
9        android:targetSdkVersion="26" />
9-->main\release\AndroidManifest.xml
10
11    <uses-permission android:name="android.permission.KILL_BACKGROUND_PROCESSES" />
11-->main\release\AndroidManifest.xml:5:5-83
11-->main\release\AndroidManifest.xml:5:22-81
12    <uses-permission android:name="android.permission.ACCESS_NETWORK_STATE" />
12-->main\release\AndroidManifest.xml:6:5-78
12-->main\release\AndroidManifest.xml:6:22-76
13
14    <application
14-->main\release\AndroidManifest.xml:7:5-18:19
15        android:allowBackup="true"
15-->main\release\AndroidManifest.xml:8:13-39
16        android:label="@string/app_name"
16-->main\release\AndroidManifest.xml:9:13-45
17        android:supportsRtl="true" >
17-->main\release\AndroidManifest.xml:10:13-39
18        <activity android:name="com.kotlin.user.ui.activity.RegisterActivity" />
18-->main\release\AndroidManifest.xml:13:9-65
18-->main\release\AndroidManifest.xml:13:19-63
19        <activity android:name="com.kotlin.user.ui.activity.LoginActivity" />
19-->main\release\AndroidManifest.xml:14:9-62
19-->main\release\AndroidManifest.xml:14:19-60
20        <activity android:name="com.kotlin.user.ui.activity.ForgetPwdActivity" />
20-->main\release\AndroidManifest.xml:15:9-66
20-->main\release\AndroidManifest.xml:15:19-64
21        <activity android:name="com.kotlin.user.ui.activity.ResetPwdActivity" />
21-->main\release\AndroidManifest.xml:16:9-65
21-->main\release\AndroidManifest.xml:16:19-63
22        <activity android:name="com.kotlin.user.ui.activity.UserInfoActivity" />
22-->main\release\AndroidManifest.xml:17:9-65
22-->main\release\AndroidManifest.xml:17:19-63
23    </application>
24
25</manifest>